* using log directory ‘/Users/evanbiederstedt/leidenAlg/leidenAlg.Rcheck’
* using R version 4.0.2 (2020-06-22)
* using platform: x86_64-apple-darwin17.0 (64-bit)
* using session charset: UTF-8
* using option ‘--as-cran’
* checking for file ‘leidenAlg/DESCRIPTION’ ... OK
* checking extension type ... Package
* this is package ‘leidenAlg’ version ‘0.0.1’
* package encoding: UTF-8
* checking CRAN incoming feasibility ... NOTE
Maintainer: ‘Evan Biederstedt <evan.biederstedt@gmail.com>’

New submission

Non-FOSS package license (GPL3 + file LICENSE)

Found the following (possibly) invalid URLs:
  URL: https://github.com/kharchenkolab/leidenAlg
    From: DESCRIPTION
    Status: 404
    Message: Not Found
  URL: https://github.com/kharchenkolab/leidenAlg/issues
    From: DESCRIPTION
    Status: 404
    Message: Not Found

The Title field should be in title case. Current version is:
‘Implements the Leiden algorithm via an R interface’
In title case that is:
‘Implements the Leiden Algorithm via an R Interface’

The Description field contains
  https://github.com/vtraag/leidenalg. The algorithm was originally
  (2019). https://doi.org/10.1038/s41598-019-41695-z
Please enclose URLs in angle brackets (<...>).
The Description field contains
  (2019). https://doi.org/10.1038/s41598-019-41695-z
Please write DOIs as <doi:10.prefix/suffix>.

The Date field is over a month old.
* checking package namespace information ... OK
* checking package dependencies ... ERROR
Namespace dependencies not required: 'igraph', 'sccore'

See section ‘The DESCRIPTION file’ in the ‘Writing R Extensions’
manual.
* DONE
Status: 1 ERROR, 1 NOTE
