* installing *source* package ‘leidenAlg’ ...
** using staged installation
** libs
/usr/local/opt/llvm/bin/clang++ -fopenmp -std=gnu++11 -I"/Library/Frameworks/R.framework/Resources/include" -DNDEBUG  -I'/Library/Frameworks/R.framework/Versions/4.0/Resources/library/Rcpp/include' -I'/Library/Frameworks/R.framework/Versions/4.0/Resources/library/RcppArmadillo/include' -I'/Library/Frameworks/R.framework/Versions/4.0/Resources/library/RcppEigen/include' -isystem "/usr/local/opt/llvm/include" -isysroot "/Library/Developer/CommandLineTools/SDKs/MacOSX.sdk"  -I"../inst/include"  -I"./leidenalg/igraph-R" -I"./leidenalg/include"   -fPIC  -Wall -g -O2  -c RcppExports.cpp -o RcppExports.o
In file included from RcppExports.cpp:5:
In file included from /Library/Frameworks/R.framework/Versions/4.0/Resources/library/RcppEigen/include/RcppEigen.h:25:
In file included from /Library/Frameworks/R.framework/Versions/4.0/Resources/library/RcppEigen/include/RcppEigenForward.h:30:
In file included from /Library/Frameworks/R.framework/Versions/4.0/Resources/library/RcppEigen/include/Eigen/Dense:1:
In file included from /Library/Frameworks/R.framework/Versions/4.0/Resources/library/RcppEigen/include/Eigen/Core:535:
/Library/Frameworks/R.framework/Versions/4.0/Resources/library/RcppEigen/include/Eigen/src/Core/util/ReenableStupidWarnings.h:10:30: warning: pragma diagnostic pop could not pop, no matching push [-Wunknown-pragmas]
    #pragma clang diagnostic pop
                             ^
In file included from RcppExports.cpp:5:
In file included from /Library/Frameworks/R.framework/Versions/4.0/Resources/library/RcppEigen/include/RcppEigen.h:25:
In file included from /Library/Frameworks/R.framework/Versions/4.0/Resources/library/RcppEigen/include/RcppEigenForward.h:30:
In file included from /Library/Frameworks/R.framework/Versions/4.0/Resources/library/RcppEigen/include/Eigen/Dense:2:
In file included from /Library/Frameworks/R.framework/Versions/4.0/Resources/library/RcppEigen/include/Eigen/LU:47:
/Library/Frameworks/R.framework/Versions/4.0/Resources/library/RcppEigen/include/Eigen/src/Core/util/ReenableStupidWarnings.h:10:30: warning: pragma diagnostic pop could not pop, no matching push [-Wunknown-pragmas]
    #pragma clang diagnostic pop
                             ^
In file included from RcppExports.cpp:5:
In file included from /Library/Frameworks/R.framework/Versions/4.0/Resources/library/RcppEigen/include/RcppEigen.h:25:
In file included from /Library/Frameworks/R.framework/Versions/4.0/Resources/library/RcppEigen/include/RcppEigenForward.h:30:
In file included from /Library/Frameworks/R.framework/Versions/4.0/Resources/library/RcppEigen/include/Eigen/Dense:3:
In file included from /Library/Frameworks/R.framework/Versions/4.0/Resources/library/RcppEigen/include/Eigen/Cholesky:12:
In file included from /Library/Frameworks/R.framework/Versions/4.0/Resources/library/RcppEigen/include/Eigen/Jacobi:29:
/Library/Frameworks/R.framework/Versions/4.0/Resources/library/RcppEigen/include/Eigen/src/Core/util/ReenableStupidWarnings.h:10:30: warning: pragma diagnostic pop could not pop, no matching push [-Wunknown-pragmas]
    #pragma clang diagnostic pop
                             ^
In file included from RcppExports.cpp:5:
In file included from /Library/Frameworks/R.framework/Versions/4.0/Resources/library/RcppEigen/include/RcppEigen.h:25:
In file included from /Library/Frameworks/R.framework/Versions/4.0/Resources/library/RcppEigen/include/RcppEigenForward.h:30:
In file included from /Library/Frameworks/R.framework/Versions/4.0/Resources/library/RcppEigen/include/Eigen/Dense:3:
In file included from /Library/Frameworks/R.framework/Versions/4.0/Resources/library/RcppEigen/include/Eigen/Cholesky:43:
/Library/Frameworks/R.framework/Versions/4.0/Resources/library/RcppEigen/include/Eigen/src/Core/util/ReenableStupidWarnings.h:10:30: warning: pragma diagnostic pop could not pop, no matching push [-Wunknown-pragmas]
    #pragma clang diagnostic pop
                             ^
In file included from RcppExports.cpp:5:
In file included from /Library/Frameworks/R.framework/Versions/4.0/Resources/library/RcppEigen/include/RcppEigen.h:25:
In file included from /Library/Frameworks/R.framework/Versions/4.0/Resources/library/RcppEigen/include/RcppEigenForward.h:30:
In file included from /Library/Frameworks/R.framework/Versions/4.0/Resources/library/RcppEigen/include/Eigen/Dense:4:
In file included from /Library/Frameworks/R.framework/Versions/4.0/Resources/library/RcppEigen/include/Eigen/QR:17:
In file included from /Library/Frameworks/R.framework/Versions/4.0/Resources/library/RcppEigen/include/Eigen/Householder:27:
/Library/Frameworks/R.framework/Versions/4.0/Resources/library/RcppEigen/include/Eigen/src/Core/util/ReenableStupidWarnings.h:10:30: warning: pragma diagnostic pop could not pop, no matching push [-Wunknown-pragmas]
    #pragma clang diagnostic pop
                             ^
In file included from RcppExports.cpp:5:
In file included from /Library/Frameworks/R.framework/Versions/4.0/Resources/library/RcppEigen/include/RcppEigen.h:25:
In file included from /Library/Frameworks/R.framework/Versions/4.0/Resources/library/RcppEigen/include/RcppEigenForward.h:30:
In file included from /Library/Frameworks/R.framework/Versions/4.0/Resources/library/RcppEigen/include/Eigen/Dense:5:
In file included from /Library/Frameworks/R.framework/Versions/4.0/Resources/library/RcppEigen/include/Eigen/SVD:48:
/Library/Frameworks/R.framework/Versions/4.0/Resources/library/RcppEigen/include/Eigen/src/Core/util/ReenableStupidWarnings.h:10:30: warning: pragma diagnostic pop could not pop, no matching push [-Wunknown-pragmas]
    #pragma clang diagnostic pop
                             ^
In file included from RcppExports.cpp:5:
In file included from /Library/Frameworks/R.framework/Versions/4.0/Resources/library/RcppEigen/include/RcppEigen.h:25:
In file included from /Library/Frameworks/R.framework/Versions/4.0/Resources/library/RcppEigen/include/RcppEigenForward.h:30:
In file included from /Library/Frameworks/R.framework/Versions/4.0/Resources/library/RcppEigen/include/Eigen/Dense:6:
In file included from /Library/Frameworks/R.framework/Versions/4.0/Resources/library/RcppEigen/include/Eigen/Geometry:58:
/Library/Frameworks/R.framework/Versions/4.0/Resources/library/RcppEigen/include/Eigen/src/Core/util/ReenableStupidWarnings.h:10:30: warning: pragma diagnostic pop could not pop, no matching push [-Wunknown-pragmas]
    #pragma clang diagnostic pop
                             ^
In file included from RcppExports.cpp:5:
In file included from /Library/Frameworks/R.framework/Versions/4.0/Resources/library/RcppEigen/include/RcppEigen.h:25:
In file included from /Library/Frameworks/R.framework/Versions/4.0/Resources/library/RcppEigen/include/RcppEigenForward.h:30:
In file included from /Library/Frameworks/R.framework/Versions/4.0/Resources/library/RcppEigen/include/Eigen/Dense:7:
In file included from /Library/Frameworks/R.framework/Versions/4.0/Resources/library/RcppEigen/include/Eigen/Eigenvalues:58:
/Library/Frameworks/R.framework/Versions/4.0/Resources/library/RcppEigen/include/Eigen/src/Core/util/ReenableStupidWarnings.h:10:30: warning: pragma diagnostic pop could not pop, no matching push [-Wunknown-pragmas]
    #pragma clang diagnostic pop
                             ^
In file included from RcppExports.cpp:5:
In file included from /Library/Frameworks/R.framework/Versions/4.0/Resources/library/RcppEigen/include/RcppEigen.h:25:
In file included from /Library/Frameworks/R.framework/Versions/4.0/Resources/library/RcppEigen/include/RcppEigenForward.h:31:
In file included from /Library/Frameworks/R.framework/Versions/4.0/Resources/library/RcppEigen/include/Eigen/Sparse:26:
In file included from /Library/Frameworks/R.framework/Versions/4.0/Resources/library/RcppEigen/include/Eigen/SparseCore:66:
/Library/Frameworks/R.framework/Versions/4.0/Resources/library/RcppEigen/include/Eigen/src/Core/util/ReenableStupidWarnings.h:10:30: warning: pragma diagnostic pop could not pop, no matching push [-Wunknown-pragmas]
    #pragma clang diagnostic pop
                             ^
In file included from RcppExports.cpp:5:
In file included from /Library/Frameworks/R.framework/Versions/4.0/Resources/library/RcppEigen/include/RcppEigen.h:25:
In file included from /Library/Frameworks/R.framework/Versions/4.0/Resources/library/RcppEigen/include/RcppEigenForward.h:31:
In file included from /Library/Frameworks/R.framework/Versions/4.0/Resources/library/RcppEigen/include/Eigen/Sparse:27:
In file included from /Library/Frameworks/R.framework/Versions/4.0/Resources/library/RcppEigen/include/Eigen/OrderingMethods:71:
/Library/Frameworks/R.framework/Versions/4.0/Resources/library/RcppEigen/include/Eigen/src/Core/util/ReenableStupidWarnings.h:10:30: warning: pragma diagnostic pop could not pop, no matching push [-Wunknown-pragmas]
    #pragma clang diagnostic pop
                             ^
In file included from RcppExports.cpp:5:
In file included from /Library/Frameworks/R.framework/Versions/4.0/Resources/library/RcppEigen/include/RcppEigen.h:25:
In file included from /Library/Frameworks/R.framework/Versions/4.0/Resources/library/RcppEigen/include/RcppEigenForward.h:31:
In file included from /Library/Frameworks/R.framework/Versions/4.0/Resources/library/RcppEigen/include/Eigen/Sparse:29:
In file included from /Library/Frameworks/R.framework/Versions/4.0/Resources/library/RcppEigen/include/Eigen/SparseCholesky:43:
/Library/Frameworks/R.framework/Versions/4.0/Resources/library/RcppEigen/include/Eigen/src/Core/util/ReenableStupidWarnings.h:10:30: warning: pragma diagnostic pop could not pop, no matching push [-Wunknown-pragmas]
    #pragma clang diagnostic pop
                             ^
In file included from RcppExports.cpp:5:
In file included from /Library/Frameworks/R.framework/Versions/4.0/Resources/library/RcppEigen/include/RcppEigen.h:25:
In file included from /Library/Frameworks/R.framework/Versions/4.0/Resources/library/RcppEigen/include/RcppEigenForward.h:31:
In file included from /Library/Frameworks/R.framework/Versions/4.0/Resources/library/RcppEigen/include/Eigen/Sparse:32:
In file included from /Library/Frameworks/R.framework/Versions/4.0/Resources/library/RcppEigen/include/Eigen/SparseQR:35:
/Library/Frameworks/R.framework/Versions/4.0/Resources/library/RcppEigen/include/Eigen/src/Core/util/ReenableStupidWarnings.h:10:30: warning: pragma diagnostic pop could not pop, no matching push [-Wunknown-pragmas]
    #pragma clang diagnostic pop
                             ^
In file included from RcppExports.cpp:5:
In file included from /Library/Frameworks/R.framework/Versions/4.0/Resources/library/RcppEigen/include/RcppEigen.h:25:
In file included from /Library/Frameworks/R.framework/Versions/4.0/Resources/library/RcppEigen/include/RcppEigenForward.h:31:
In file included from /Library/Frameworks/R.framework/Versions/4.0/Resources/library/RcppEigen/include/Eigen/Sparse:33:
In file included from /Library/Frameworks/R.framework/Versions/4.0/Resources/library/RcppEigen/include/Eigen/IterativeLinearSolvers:46:
/Library/Frameworks/R.framework/Versions/4.0/Resources/library/RcppEigen/include/Eigen/src/Core/util/ReenableStupidWarnings.h:10:30: warning: pragma diagnostic pop could not pop, no matching push [-Wunknown-pragmas]
    #pragma clang diagnostic pop
                             ^
In file included from RcppExports.cpp:5:
In file included from /Library/Frameworks/R.framework/Versions/4.0/Resources/library/RcppEigen/include/RcppEigen.h:25:
In file included from /Library/Frameworks/R.framework/Versions/4.0/Resources/library/RcppEigen/include/RcppEigenForward.h:32:
In file included from /Library/Frameworks/R.framework/Versions/4.0/Resources/library/RcppEigen/include/Eigen/CholmodSupport:45:
/Library/Frameworks/R.framework/Versions/4.0/Resources/library/RcppEigen/include/Eigen/src/Core/util/ReenableStupidWarnings.h:10:30: warning: pragma diagnostic pop could not pop, no matching push [-Wunknown-pragmas]
    #pragma clang diagnostic pop
                             ^
In file included from RcppExports.cpp:5:
In file included from /Library/Frameworks/R.framework/Versions/4.0/Resources/library/RcppEigen/include/RcppEigen.h:25:
In file included from /Library/Frameworks/R.framework/Versions/4.0/Resources/library/RcppEigen/include/RcppEigenForward.h:35:
In file included from /Library/Frameworks/R.framework/Versions/4.0/Resources/library/RcppEigen/include/unsupported/Eigen/KroneckerProduct:34:
/Library/Frameworks/R.framework/Versions/4.0/Resources/library/RcppEigen/include/unsupported/Eigen/../../Eigen/src/Core/util/ReenableStupidWarnings.h:10:30: warning: pragma diagnostic pop could not pop, no matching push [-Wunknown-pragmas]
    #pragma clang diagnostic pop
                             ^
In file included from RcppExports.cpp:5:
In file included from /Library/Frameworks/R.framework/Versions/4.0/Resources/library/RcppEigen/include/RcppEigen.h:25:
In file included from /Library/Frameworks/R.framework/Versions/4.0/Resources/library/RcppEigen/include/RcppEigenForward.h:39:
In file included from /Library/Frameworks/R.framework/Versions/4.0/Resources/library/RcppEigen/include/unsupported/Eigen/Polynomials:135:
/Library/Frameworks/R.framework/Versions/4.0/Resources/library/RcppEigen/include/unsupported/Eigen/../../Eigen/src/Core/util/ReenableStupidWarnings.h:10:30: warning: pragma diagnostic pop could not pop, no matching push [-Wunknown-pragmas]
    #pragma clang diagnostic pop
                             ^
In file included from RcppExports.cpp:5:
In file included from /Library/Frameworks/R.framework/Versions/4.0/Resources/library/RcppEigen/include/RcppEigen.h:25:
In file included from /Library/Frameworks/R.framework/Versions/4.0/Resources/library/RcppEigen/include/RcppEigenForward.h:40:
In file included from /Library/Frameworks/R.framework/Versions/4.0/Resources/library/RcppEigen/include/unsupported/Eigen/SparseExtra:51:
/Library/Frameworks/R.framework/Versions/4.0/Resources/library/RcppEigen/include/unsupported/Eigen/../../Eigen/src/Core/util/ReenableStupidWarnings.h:10:30: warning: pragma diagnostic pop could not pop, no matching push [-Wunknown-pragmas]
    #pragma clang diagnostic pop
                             ^
17 warnings generated.
/usr/local/opt/llvm/bin/clang++ -fopenmp -std=gnu++11 -I"/Library/Frameworks/R.framework/Resources/include" -DNDEBUG  -I'/Library/Frameworks/R.framework/Versions/4.0/Resources/library/Rcpp/include' -I'/Library/Frameworks/R.framework/Versions/4.0/Resources/library/RcppArmadillo/include' -I'/Library/Frameworks/R.framework/Versions/4.0/Resources/library/RcppEigen/include' -isystem "/usr/local/opt/llvm/include" -isysroot "/Library/Developer/CommandLineTools/SDKs/MacOSX.sdk"  -I"../inst/include"  -I"./leidenalg/igraph-R" -I"./leidenalg/include"   -fPIC  -Wall -g -O2  -c leiden.cpp -o leiden.o
clang++ -mmacosx-version-min=10.13 -std=gnu++11 -I"/Library/Frameworks/R.framework/Resources/include" -DNDEBUG  -I'/Library/Frameworks/R.framework/Versions/4.0/Resources/library/Rcpp/include' -I'/Library/Frameworks/R.framework/Versions/4.0/Resources/library/RcppArmadillo/include' -I'/Library/Frameworks/R.framework/Versions/4.0/Resources/library/RcppEigen/include' -I/usr/local/include  -O3 -std=c++11 -pthread -fPIC  -I"./include" -I"./igraph-R" -fPIC  -Wall -g -O2  -c CPMVertexPartition.cpp -o CPMVertexPartition.o
clang++ -mmacosx-version-min=10.13 -std=gnu++11 -I"/Library/Frameworks/R.framework/Resources/include" -DNDEBUG  -I'/Library/Frameworks/R.framework/Versions/4.0/Resources/library/Rcpp/include' -I'/Library/Frameworks/R.framework/Versions/4.0/Resources/library/RcppArmadillo/include' -I'/Library/Frameworks/R.framework/Versions/4.0/Resources/library/RcppEigen/include' -I/usr/local/include  -O3 -std=c++11 -pthread -fPIC  -I"./include" -I"./igraph-R" -fPIC  -Wall -g -O2  -c LinearResolutionParameterVertexPartition.cpp -o LinearResolutionParameterVertexPartition.o
clang++ -mmacosx-version-min=10.13 -std=gnu++11 -I"/Library/Frameworks/R.framework/Resources/include" -DNDEBUG  -I'/Library/Frameworks/R.framework/Versions/4.0/Resources/library/Rcpp/include' -I'/Library/Frameworks/R.framework/Versions/4.0/Resources/library/RcppArmadillo/include' -I'/Library/Frameworks/R.framework/Versions/4.0/Resources/library/RcppEigen/include' -I/usr/local/include  -O3 -std=c++11 -pthread -fPIC  -I"./include" -I"./igraph-R" -fPIC  -Wall -g -O2  -c RBConfigurationVertexPartition.cpp -o RBConfigurationVertexPartition.o
clang++ -mmacosx-version-min=10.13 -std=gnu++11 -I"/Library/Frameworks/R.framework/Resources/include" -DNDEBUG  -I'/Library/Frameworks/R.framework/Versions/4.0/Resources/library/Rcpp/include' -I'/Library/Frameworks/R.framework/Versions/4.0/Resources/library/RcppArmadillo/include' -I'/Library/Frameworks/R.framework/Versions/4.0/Resources/library/RcppEigen/include' -I/usr/local/include  -O3 -std=c++11 -pthread -fPIC  -I"./include" -I"./igraph-R" -fPIC  -Wall -g -O2  -c SurpriseVertexPartition.cpp -o SurpriseVertexPartition.o
clang++ -mmacosx-version-min=10.13 -std=gnu++11 -I"/Library/Frameworks/R.framework/Resources/include" -DNDEBUG  -I'/Library/Frameworks/R.framework/Versions/4.0/Resources/library/Rcpp/include' -I'/Library/Frameworks/R.framework/Versions/4.0/Resources/library/RcppArmadillo/include' -I'/Library/Frameworks/R.framework/Versions/4.0/Resources/library/RcppEigen/include' -I/usr/local/include  -O3 -std=c++11 -pthread -fPIC  -I"./include" -I"./igraph-R" -fPIC  -Wall -g -O2  -c ModularityVertexPartition.cpp -o ModularityVertexPartition.o
clang++ -mmacosx-version-min=10.13 -std=gnu++11 -I"/Library/Frameworks/R.framework/Resources/include" -DNDEBUG  -I'/Library/Frameworks/R.framework/Versions/4.0/Resources/library/Rcpp/include' -I'/Library/Frameworks/R.framework/Versions/4.0/Resources/library/RcppArmadillo/include' -I'/Library/Frameworks/R.framework/Versions/4.0/Resources/library/RcppEigen/include' -I/usr/local/include  -O3 -std=c++11 -pthread -fPIC  -I"./include" -I"./igraph-R" -fPIC  -Wall -g -O2  -c RBERVertexPartition.cpp -o RBERVertexPartition.o
clang++ -mmacosx-version-min=10.13 -std=gnu++11 -I"/Library/Frameworks/R.framework/Resources/include" -DNDEBUG  -I'/Library/Frameworks/R.framework/Versions/4.0/Resources/library/Rcpp/include' -I'/Library/Frameworks/R.framework/Versions/4.0/Resources/library/RcppArmadillo/include' -I'/Library/Frameworks/R.framework/Versions/4.0/Resources/library/RcppEigen/include' -I/usr/local/include  -O3 -std=c++11 -pthread -fPIC  -I"./include" -I"./igraph-R" -fPIC  -Wall -g -O2  -c GraphHelper.cpp -o GraphHelper.o
clang++ -mmacosx-version-min=10.13 -std=gnu++11 -I"/Library/Frameworks/R.framework/Resources/include" -DNDEBUG  -I'/Library/Frameworks/R.framework/Versions/4.0/Resources/library/Rcpp/include' -I'/Library/Frameworks/R.framework/Versions/4.0/Resources/library/RcppArmadillo/include' -I'/Library/Frameworks/R.framework/Versions/4.0/Resources/library/RcppEigen/include' -I/usr/local/include  -O3 -std=c++11 -pthread -fPIC  -I"./include" -I"./igraph-R" -fPIC  -Wall -g -O2  -c MutableVertexPartition.cpp -o MutableVertexPartition.o
clang++ -mmacosx-version-min=10.13 -std=gnu++11 -I"/Library/Frameworks/R.framework/Resources/include" -DNDEBUG  -I'/Library/Frameworks/R.framework/Versions/4.0/Resources/library/Rcpp/include' -I'/Library/Frameworks/R.framework/Versions/4.0/Resources/library/RcppArmadillo/include' -I'/Library/Frameworks/R.framework/Versions/4.0/Resources/library/RcppEigen/include' -I/usr/local/include  -O3 -std=c++11 -pthread -fPIC  -I"./include" -I"./igraph-R" -fPIC  -Wall -g -O2  -c ResolutionParameterVertexPartition.cpp -o ResolutionParameterVertexPartition.o
clang++ -mmacosx-version-min=10.13 -std=gnu++11 -I"/Library/Frameworks/R.framework/Resources/include" -DNDEBUG  -I'/Library/Frameworks/R.framework/Versions/4.0/Resources/library/Rcpp/include' -I'/Library/Frameworks/R.framework/Versions/4.0/Resources/library/RcppArmadillo/include' -I'/Library/Frameworks/R.framework/Versions/4.0/Resources/library/RcppEigen/include' -I/usr/local/include  -O3 -std=c++11 -pthread -fPIC  -I"./include" -I"./igraph-R" -fPIC  -Wall -g -O2  -c Optimiser.cpp -o Optimiser.o
clang++ -mmacosx-version-min=10.13 -std=gnu++11 -I"/Library/Frameworks/R.framework/Resources/include" -DNDEBUG  -I'/Library/Frameworks/R.framework/Versions/4.0/Resources/library/Rcpp/include' -I'/Library/Frameworks/R.framework/Versions/4.0/Resources/library/RcppArmadillo/include' -I'/Library/Frameworks/R.framework/Versions/4.0/Resources/library/RcppEigen/include' -I/usr/local/include  -O3 -std=c++11 -pthread -fPIC  -I"./include" -I"./igraph-R" -fPIC  -Wall -g -O2  -c SignificanceVertexPartition.cpp -o SignificanceVertexPartition.o
ar rvs ../libleidenalg.a CPMVertexPartition.o LinearResolutionParameterVertexPartition.o RBConfigurationVertexPartition.o SurpriseVertexPartition.o ModularityVertexPartition.o RBERVertexPartition.o GraphHelper.o MutableVertexPartition.o ResolutionParameterVertexPartition.o Optimiser.o SignificanceVertexPartition.o
ar: creating archive ../libleidenalg.a
a - CPMVertexPartition.o
a - LinearResolutionParameterVertexPartition.o
a - RBConfigurationVertexPartition.o
a - SurpriseVertexPartition.o
a - ModularityVertexPartition.o
a - RBERVertexPartition.o
a - GraphHelper.o
a - MutableVertexPartition.o
a - ResolutionParameterVertexPartition.o
a - Optimiser.o
a - SignificanceVertexPartition.o

Attaching package: ‘igraph’

The following objects are masked from ‘package:stats’:

    decompose, spectrum

The following object is masked from ‘package:base’:

    union

/usr/local/opt/llvm/bin/clang++ -fopenmp -std=gnu++11 -dynamiclib -Wl,-headerpad_max_install_names -undefined dynamic_lookup -single_module -multiply_defined suppress -L/Library/Frameworks/R.framework/Resources/lib -L/usr/local/opt/llvm/lib -L/usr/local/opt/gettext/lib --sysroot=/Library/Developer/CommandLineTools/SDKs/MacOSX.sdk -o leidenAlg.so RcppExports.o leiden.o -L/usr/lib/ -L. -lpthread -lstdc++ -lleidenalg -lm -L/Library/Frameworks/R.framework/Resources/lib -lRlapack -L/Library/Frameworks/R.framework/Resources/lib -lRblas -L/usr/local/opt/gcc/lib/gcc/9/ -lm /Library/Frameworks/R.framework/Versions/4.0/Resources/library/igraph/libs/igraph.so -F/Library/Frameworks/R.framework/.. -framework R -Wl,-framework -Wl,CoreFoundation

Attaching package: ‘igraph’

The following objects are masked from ‘package:stats’:

    decompose, spectrum

The following object is masked from ‘package:base’:

    union

ld: warning: directory not found for option '-L/usr/local/opt/gcc/lib/gcc/9/'
if [ "" != "Windows_NT" ] && [ `uname -s` = 'Darwin' ]; then install_name_tool -id '@rpath/igraph.so' `echo 'library(igraph); cat(system.file("libs", package="igraph"))' | /Library/Frameworks/R.framework/Resources/bin/R --vanilla --slave`/igraph.so; fi 

Attaching package: ‘igraph’

The following objects are masked from ‘package:stats’:

    decompose, spectrum

The following object is masked from ‘package:base’:

    union

installing to /Users/evanbiederstedt/leidenAlg/leidenAlg.Rcheck/00LOCK-leidenAlg/00new/leidenAlg/libs
** R
** data
*** moving datasets to lazyload DB
** inst
** byte-compile and prepare package for lazy loading
** help
*** installing help indices
** building package indices
** testing if installed package can be loaded from temporary location
** checking absolute paths in shared objects and dynamic libraries
** testing if installed package can be loaded from final location
** testing if installed package keeps a record of temporary installation path
* DONE (leidenAlg)
