* using log directory ‘/Users/evanbiederstedt/leidenAlg/..Rcheck’
* using R version 4.1.0 (2021-05-18)
* using platform: x86_64-apple-darwin17.0 (64-bit)
* using session charset: UTF-8
* checking for file ‘./DESCRIPTION’ ... OK
* checking extension type ... Package
* this is package ‘leidenAlg’ version ‘1.1.5’
* package encoding: UTF-8
* checking package namespace information ... OK
* checking package dependencies ... OK
* checking if this is a source package ... OK
* checking if there is a namespace ... OK
* checking for executable files ... OK
* checking for hidden files and directories ... NOTE
Found the following hidden files and directories:
  .gitignore
  ..Rcheck
  .circleci
  .git
These were most likely included in error. See section ‘Package
structure’ in the ‘Writing R Extensions’ manual.
* checking for portable file names ... OK
* checking for sufficient/correct file permissions ... OK
* checking whether package ‘leidenAlg’ can be installed ... ERROR
Installation failed.
See ‘/Users/evanbiederstedt/leidenAlg/..Rcheck/00install.out’ for details.
* DONE
Status: 1 ERROR, 1 NOTE
